<?xml version="1.0" encoding="UTF-8"?>
<!-- Generated by org.testng.reporters.JUnitReportReporter -->
<testsuite hostname="LAPTOP-VRCUDKR5" failures="0" tests="1" name="test.PageTest" time="2.654" errors="0" timestamp="2022-09-16T14:17:18 IST" skipped="0">
  <testcase classname="test.PageTest" name="Test1" time="2.654"/>
  <system-out/>
</testsuite> <!-- test.PageTest -->
