<?xml version="1.0" encoding="UTF-8"?>
<!-- Generated by org.testng.reporters.JUnitReportReporter -->
<testsuite hostname="LAPTOP-VRCUDKR5" failures="0" tests="2" name="test.SouceDemoLogin" time="3.375" errors="0" timestamp="2022-09-16T14:18:32 IST" skipped="0">
  <testcase classname="test.SouceDemoLogin" name="Test2" time="1.624"/>
  <system-out/>
  <testcase classname="test.SouceDemoLogin" name="Test1" time="1.751"/>
  <system-out/>
</testsuite> <!-- test.SouceDemoLogin -->
